04:26:26,311 DEBUG InternalLoggerFactory:47 - Using Log4J as the default logging framework
04:26:26,327 DEBUG ResourceLeakDetector:129 - -Dio.netty.leakDetection.level: simple
04:26:26,327 DEBUG ResourceLeakDetector:130 - -Dio.netty.leakDetection.targetRecords: 4
04:26:26,358 DEBUG PlatformDependent:987 - Platform: Windows
04:26:26,358 DEBUG PlatformDependent0:396 - -Dio.netty.noUnsafe: false
04:26:26,358 DEBUG PlatformDependent0:852 - Java version: 8
04:26:26,358 DEBUG PlatformDependent0:121 - sun.misc.Unsafe.theUnsafe: available
04:26:26,358 DEBUG PlatformDependent0:145 - sun.misc.Unsafe.copyMemory: available
04:26:26,358 DEBUG PlatformDependent0:183 - java.nio.Buffer.address: available
04:26:26,358 DEBUG PlatformDependent0:244 - direct buffer constructor: available
04:26:26,358 DEBUG PlatformDependent0:314 - java.nio.Bits.unaligned: available, true
04:26:26,358 DEBUG PlatformDependent0:379 - jdk.internal.misc.Unsafe.allocateUninitializedArray(int): unavailable prior to Java9
04:26:26,358 DEBUG PlatformDependent0:386 - java.nio.DirectByteBuffer.<init>(long, int): available
04:26:26,358 DEBUG PlatformDependent:1030 - sun.misc.Unsafe: available
04:26:26,358 DEBUG PlatformDependent:1149 - -Dio.netty.tmpdir: C:\Users\cchauhan\AppData\Local\Temp (java.io.tmpdir)
04:26:26,358 DEBUG PlatformDependent:1228 - -Dio.netty.bitMode: 32 (sun.arch.data.model)
04:26:26,373 DEBUG PlatformDependent:174 - -Dio.netty.maxDirectMemory: 259522560 bytes
04:26:26,373 DEBUG PlatformDependent:181 - -Dio.netty.uninitializedArrayAllocationThreshold: -1
04:26:26,373 DEBUG CleanerJava6:92 - java.nio.ByteBuffer.cleaner(): available
04:26:26,373 DEBUG PlatformDependent:201 - -Dio.netty.noPreferDirect: false
04:26:26,373 DEBUG ResourceLeakDetectorFactory:195 - Loaded default ResourceLeakDetector: io.netty.util.ResourceLeakDetector@1368b99
04:26:26,389 DEBUG PlatformDependent:891 - org.jctools-core.MpscChunkedArrayQueue: available
04:26:26,688 DEBUG JdkSslContext:96 - Default protocols (JDK): [TLSv1.2, TLSv1.1, TLSv1] 
04:26:26,688 DEBUG JdkSslContext:97 - Default cipher suites (JDK): [TLS_ECDHE_ECDSA_WITH_AES_128_GCM_SHA256, TLS_ECDHE_RSA_WITH_AES_128_GCM_SHA256, TLS_ECDHE_RSA_WITH_AES_128_CBC_SHA, TLS_RSA_WITH_AES_128_GCM_SHA256, TLS_RSA_WITH_AES_128_CBC_SHA]
04:26:26,720 DEBUG InternalThreadLocalMap:54 - -Dio.netty.threadLocalMap.stringBuilder.initialSize: 1024
04:26:26,720 DEBUG InternalThreadLocalMap:57 - -Dio.netty.threadLocalMap.stringBuilder.maxSize: 4096
04:26:26,735 DEBUG MultithreadEventLoopGroup:44 - -Dio.netty.eventLoopThreads: 8
04:26:26,751 DEBUG NioEventLoop:106 - -Dio.netty.noKeySetOptimization: false
04:26:26,751 DEBUG NioEventLoop:107 - -Dio.netty.selectorAutoRebuildThreshold: 512
04:26:26,798 DEBUG PooledByteBufAllocator:142 - -Dio.netty.allocator.numHeapArenas: 2
04:26:26,798 DEBUG PooledByteBufAllocator:143 - -Dio.netty.allocator.numDirectArenas: 2
04:26:26,798 DEBUG PooledByteBufAllocator:145 - -Dio.netty.allocator.pageSize: 8192
04:26:26,798 DEBUG PooledByteBufAllocator:150 - -Dio.netty.allocator.maxOrder: 11
04:26:26,813 DEBUG PooledByteBufAllocator:154 - -Dio.netty.allocator.chunkSize: 16777216
04:26:26,813 DEBUG PooledByteBufAllocator:155 - -Dio.netty.allocator.tinyCacheSize: 512
04:26:26,813 DEBUG PooledByteBufAllocator:156 - -Dio.netty.allocator.smallCacheSize: 256
04:26:26,813 DEBUG PooledByteBufAllocator:157 - -Dio.netty.allocator.normalCacheSize: 64
04:26:26,813 DEBUG PooledByteBufAllocator:158 - -Dio.netty.allocator.maxCachedBufferCapacity: 32768
04:26:26,813 DEBUG PooledByteBufAllocator:159 - -Dio.netty.allocator.cacheTrimInterval: 8192
04:26:26,813 DEBUG PooledByteBufAllocator:160 - -Dio.netty.allocator.cacheTrimIntervalMillis: 0
04:26:26,813 DEBUG PooledByteBufAllocator:161 - -Dio.netty.allocator.useCacheForAllThreads: true
04:26:26,813 DEBUG PooledByteBufAllocator:162 - -Dio.netty.allocator.maxCachedByteBuffersPerChunk: 1023
04:26:26,813 DEBUG ByteBufUtil:85 - -Dio.netty.allocator.type: pooled
04:26:26,813 DEBUG ByteBufUtil:94 - -Dio.netty.threadLocalDirectBufferSize: 0
04:26:26,813 DEBUG ByteBufUtil:97 - -Dio.netty.maxThreadLocalCharBufferSize: 16384
04:26:27,837 DEBUG DefaultChannelId:79 - -Dio.netty.processId: 7580 (auto-detected)
04:26:27,837 DEBUG NetUtil:139 - -Djava.net.preferIPv4Stack: false
04:26:27,837 DEBUG NetUtil:140 - -Djava.net.preferIPv6Addresses: false
04:26:27,884 DEBUG NetUtil:224 - Loopback interface: lo (Software Loopback Interface 1, 127.0.0.1)
04:26:27,884 DEBUG NetUtil:289 - Failed to get SOMAXCONN from sysctl and file \proc\sys\net\core\somaxconn. Default: 200
04:26:27,946 DEBUG DefaultChannelId:101 - -Dio.netty.machineId: 74:29:af:ff:fe:7c:ab:af (auto-detected)
04:26:28,009 DEBUG AbstractByteBuf:62 - -Dio.netty.buffer.checkAccessible: true
04:26:28,009 DEBUG AbstractByteBuf:63 - -Dio.netty.buffer.checkBounds: true
04:26:28,009 DEBUG ResourceLeakDetectorFactory:195 - Loaded default ResourceLeakDetector: io.netty.util.ResourceLeakDetector@b45250
04:26:28,040 DEBUG Recycler:96 - -Dio.netty.recycler.maxCapacityPerThread: 4096
04:26:28,040 DEBUG Recycler:97 - -Dio.netty.recycler.maxSharedCapacityFactor: 2
04:26:28,040 DEBUG Recycler:98 - -Dio.netty.recycler.linkCapacity: 16
04:26:28,040 DEBUG Recycler:99 - -Dio.netty.recycler.ratio: 8
04:26:30,275 DEBUG ThreadLocalRandom:212 - -Dio.netty.initialSeedUniquifier: 0xb170365eb7265bf0
04:26:33,227  INFO devpinoyLogger:20 - Practice page Test started
04:26:38,792  INFO devpinoyLogger:30 - Homepage test started
